<?xml version="1.0" encoding="UTF-8"?>
<testng-results ignored="0" total="1" passed="1" failed="0" skipped="0">
  <reporter-output>
  </reporter-output>
  <suite started-at="2024-10-04T15:48:02 IST" name="Default suite" finished-at="2024-10-04T15:50:44 IST" duration-ms="161948">
    <groups>
    </groups>
    <test started-at="2024-10-04T15:48:02 IST" name="Default test" finished-at="2024-10-04T15:50:44 IST" duration-ms="161948">
      <class name="api.testcases.UserTest">
        <test-method is-config="true" signature="setUpTestData()[pri:0, instance:api.testcases.UserTest@5afa3c9]" started-at="2024-10-04T15:48:03 IST" name="setUpTestData" finished-at="2024-10-04T15:48:36 IST" duration-ms="33809" status="PASS">
          <reporter-output>
          </reporter-output>
        </test-method> <!-- setUpTestData -->
        <test-method signature="createUser()[pri:1, instance:api.testcases.UserTest@5afa3c9]" started-at="2024-10-04T15:48:36 IST" name="createUser" finished-at="2024-10-04T15:50:44 IST" duration-ms="127230" status="PASS">
          <reporter-output>
          </reporter-output>
        </test-method> <!-- createUser -->
      </class> <!-- api.testcases.UserTest -->
    </test> <!-- Default test -->
  </suite> <!-- Default suite -->
</testng-results>
